2025-02-16T07:15:34 | touched: .env.example
2025-09-30T22:43:55 | touched: test/Socketioreal.test.js
2025-03-17T19:52:10 | touched: test/Socketioreal.test.js
2025-12-11T04:26:49 | touched: scripts/deploy.js
2025-04-10T17:50:28 | touched: .env.example
2025-10-15T04:29:36 | touched: .env.example
2025-10-07T13:17:14 | touched: LICENSE
2025-04-07T14:54:12 | touched: test/Socketioreal.test.js
2025-08-14T12:20:28 | touched: README.md
2025-07-26T23:00:50 | touched: package.json
2025-03-05T05:01:06 | touched: test/Socketioreal.test.js
2025-09-08T16:17:47 | touched: contracts/Socketioreal.sol
2025-03-22T14:33:43 | touched: package.json
2025-12-17T00:20:58 | touched: README.md
2025-11-01T20:59:51 | touched: LICENSE
2025-11-03T08:50:18 | touched: hardhat.config.js
2025-02-06T02:54:53 | touched: test/Socketioreal.test.js
2025-01-15T17:30:36 | touched: scripts/deploy.js
2025-03-06T15:31:25 | touched: .env.example
2025-02-27T10:27:10 | touched: test/Socketioreal.test.js
2025-02-08T06:59:39 | touched: README.md
2025-04-28T01:12:25 | touched: README.md
2025-08-03T02:04:50 | touched: contracts/Socketioreal.sol
2025-01-07T23:28:31 | touched: hardhat.config.js
2025-10-16T04:41:50 | touched: test/Socketioreal.test.js
2025-01-15T22:31:33 | touched: scripts/deploy.js
2025-06-20T14:35:44 | touched: scripts/deploy.js
